android/capacitor-cordova-android-plugins/build/intermediates/manifest_merge_blame_file/debug/manifest-merger-blame-debug-report.txt
1<?xml version="1.0" encoding="utf-8"?>
2<manifest xmlns:amazon="http://schemas.amazon.com/apk/res/android"
3    xmlns:android="http://schemas.android.com/apk/res/android"
4    package="capacitor.android.plugins" >
5
6    <uses-sdk android:minSdkVersion="22" />
6-->src\main\AndroidManifest.xml
7
8    <uses-permission android:name="android.permission.CALL_PHONE" />
8-->src\main\AndroidManifest.xml:8:1-64
8-->src\main\AndroidManifest.xml:8:18-62
9
10    <uses-feature
10-->src\main\AndroidManifest.xml:9:1-83
11        android:name="android.hardware.telephony"
11-->src\main\AndroidManifest.xml:9:15-56
12        android:required="false" />
12-->src\main\AndroidManifest.xml:9:57-81
13
14    <uses-permission android:name="android.permission.BLUETOOTH" />
14-->src\main\AndroidManifest.xml:10:1-63
14-->src\main\AndroidManifest.xml:10:18-61
15
16    <application>
16-->src\main\AndroidManifest.xml:5:1-7:15
17    </application>
18
19</manifest>